[2026-05-14 21:15:12] MarkSix auto-update started
[2026-05-14 21:15:12] ==================================================
[2026-05-14 21:15:12] Running: Fetch from lottery.hk
[2026-05-14 21:15:12] ==================================================
[2026-05-14 21:15:15] ==================================================
[2026-05-14 21:15:15] Running: Merge & recalculate
[2026-05-14 21:15:15] ==================================================
[2026-05-14 21:15:44] MarkSix auto-update started
[2026-05-14 21:15:44] ==================================================
[2026-05-14 21:15:44] Running: Fetch from lottery.hk
[2026-05-14 21:15:44] ==================================================
[2026-05-14 21:15:47] ==================================================
[2026-05-14 21:15:47] Running: Merge & recalculate
[2026-05-14 21:15:47] ==================================================
[2026-05-14 21:15:48] ✅ Update complete!
[2026-05-14 21:32:12] MarkSix auto-update started
[2026-05-14 21:32:12] ==================================================
[2026-05-14 21:32:12] Running: Fetch from lottery.hk
[2026-05-14 21:32:12] ==================================================
[2026-05-14 21:32:14] ==================================================
[2026-05-14 21:32:14] Running: Merge & recalculate
[2026-05-14 21:32:14] ==================================================
[2026-05-14 21:32:15] 
[2026-05-14 21:32:15] Checking for data changes...
[2026-05-14 21:32:15] Committed: auto: update MarkSix data 2026-05-14
[2026-05-14 21:32:15] Pushing to remote...
[2026-05-14 21:32:16] Push failed: remote: Not Found
fatal: repository 'https://github.com/lick201010-lottery-analysis.git/' not found
[2026-05-14 21:32:16] (Data is still saved locally; push manually later.)
[2026-05-14 21:32:16] Update complete!
